[FH_sys]  2018-01-26 23:39:25  INFO ContextLoader:272 : Root WebApplicationContext: initialization started
[FH_sys]  2018-01-26 23:39:25  INFO XmlWebApplicationContext:510 : Refreshing Root WebApplicationContext: startup date [Fri Jan 26 23:39:25 CST 2018]; root of context hierarchy
[FH_sys]  2018-01-26 23:39:25  INFO XmlBeanDefinitionReader:315 : Loading XML bean definitions from class path resource [spring/ApplicationContext.xml]
[FH_sys]  2018-01-26 23:39:26  INFO ClassPathBeanDefinitionScanner:222 : JSR-250 'javax.annotation.ManagedBean' found and supported for component scanning
[FH_sys]  2018-01-26 23:39:26  INFO ClassPathBeanDefinitionScanner:230 : JSR-330 'javax.inject.Named' annotation found and supported for component scanning
[FH_sys]  2018-01-26 23:39:26  INFO PropertyPlaceholderConfigurer:177 : Loading properties file from class path resource [dbconfig.properties]
[FH_sys]  2018-01-26 23:39:26  INFO AutowiredAnnotationBeanPostProcessor:140 : JSR-330 'javax.inject.Inject' annotation found and supported for autowiring
[FH_sys]  2018-01-26 23:39:26  INFO XmlWebApplicationContext:1374 : Bean 'org.springframework.aop.support.DefaultBeanFactoryPointcutAdvisor#0' of type [class org.springframework.aop.support.DefaultBeanFactoryPointcutAdvisor] is not eligible for getting processed by all BeanPostProcessors (for example: not eligible for auto-proxying)
[FH_sys]  2018-01-26 23:39:26  INFO DefaultListableBeanFactory:444 : Destroying singletons in org.springframework.beans.factory.support.DefaultListableBeanFactory@1a0afd46: defining beans [org.springframework.context.annotation.internalConfigurationAnnotationProcessor,org.springframework.context.annotation.internalAutowiredAnnotationProcessor,org.springframework.context.annotation.internalRequiredAnnotationProcessor,org.springframework.context.annotation.internalCommonAnnotationProcessor,transactionManager,propertyConfigurer,dataSource,txAdvice,org.springframework.aop.config.internalAutoProxyCreator,pc,org.springframework.aop.support.DefaultBeanFactoryPointcutAdvisor#0,sqlSessionFactory,sqlSessionTemplate,securityManager,ShiroRealm,shiroFilter,org.springframework.context.annotation.ConfigurationClassPostProcessor.importAwareProcessor]; root of factory hierarchy
[FH_sys]  2018-01-26 23:39:26 ERROR ContextLoader:307 : Context initialization failed
org.springframework.beans.factory.BeanCreationException: Error creating bean with name 'shiroFilter' defined in class path resource [spring/ApplicationContext.xml]: Cannot resolve reference to bean 'securityManager' while setting bean property 'securityManager'; nested exception is org.springframework.beans.factory.BeanCreationException: Error creating bean with name 'securityManager' defined in class path resource [spring/ApplicationContext.xml]: Cannot resolve reference to bean 'ShiroRealm' while setting bean property 'realm'; nested exception is org.springframework.beans.factory.CannotLoadBeanClassException: Cannot find class [com.xiongyi.cg.interceptor.shiro.ShiroRealm] for bean with name 'ShiroRealm' defined in class path resource [spring/ApplicationContext.xml]; nested exception is java.lang.ClassNotFoundException: com.xiongyi.cg.interceptor.shiro.ShiroRealm
Related cause: org.springframework.beans.factory.CannotLoadBeanClassException: Cannot find class [com.xiongyi.cg.interceptor.shiro.ShiroRealm] for bean with name 'ShiroRealm' defined in class path resource [spring/ApplicationContext.xml]; nested exception is java.lang.ClassNotFoundException: com.xiongyi.cg.interceptor.shiro.ShiroRealm
Related cause: org.springframework.beans.factory.CannotLoadBeanClassException: Cannot find class [com.xiongyi.cg.interceptor.shiro.ShiroRealm] for bean with name 'ShiroRealm' defined in class path resource [spring/ApplicationContext.xml]; nested exception is java.lang.ClassNotFoundException: com.xiongyi.cg.interceptor.shiro.ShiroRealm
	at org.springframework.beans.factory.support.BeanDefinitionValueResolver.resolveReference(BeanDefinitionValueResolver.java:329)
	at org.springframework.beans.factory.support.BeanDefinitionValueResolver.resolveValueIfNecessary(BeanDefinitionValueResolver.java:107)
	at org.springframework.beans.factory.support.AbstractAutowireCapableBeanFactory.applyPropertyValues(AbstractAutowireCapableBeanFactory.java:1391)
	at org.springframework.beans.factory.support.AbstractAutowireCapableBeanFactory.populateBean(AbstractAutowireCapableBeanFactory.java:1132)
	at org.springframework.beans.factory.support.AbstractAutowireCapableBeanFactory.doCreateBean(AbstractAutowireCapableBeanFactory.java:522)
	at org.springframework.beans.factory.support.AbstractAutowireCapableBeanFactory.createBean(AbstractAutowireCapableBeanFactory.java:461)
	at org.springframework.beans.factory.support.AbstractBeanFactory$1.getObject(AbstractBeanFactory.java:295)
	at org.springframework.beans.factory.support.DefaultSingletonBeanRegistry.getSingleton(DefaultSingletonBeanRegistry.java:223)
	at org.springframework.beans.factory.support.AbstractBeanFactory.doGetBean(AbstractBeanFactory.java:292)
	at org.springframework.beans.factory.support.AbstractBeanFactory.getBean(AbstractBeanFactory.java:198)
	at org.springframework.context.support.AbstractApplicationContext.registerBeanPostProcessors(AbstractApplicationContext.java:753)
	at org.springframework.context.support.AbstractApplicationContext.refresh(AbstractApplicationContext.java:464)
	at org.springframework.web.context.ContextLoader.configureAndRefreshWebApplicationContext(ContextLoader.java:383)
	at org.springframework.web.context.ContextLoader.initWebApplicationContext(ContextLoader.java:283)
	at org.springframework.web.context.ContextLoaderListener.contextInitialized(ContextLoaderListener.java:112)
	at org.apache.catalina.core.StandardContext.listenerStart(StandardContext.java:4939)
	at org.apache.catalina.core.StandardContext.startInternal(StandardContext.java:5434)
	at org.apache.catalina.util.LifecycleBase.start(LifecycleBase.java:150)
	at org.apache.catalina.core.ContainerBase$StartChild.call(ContainerBase.java:1559)
	at org.apache.catalina.core.ContainerBase$StartChild.call(ContainerBase.java:1549)
	at java.util.concurrent.FutureTask.run(FutureTask.java:262)
	at java.util.concurrent.ThreadPoolExecutor.runWorker(ThreadPoolExecutor.java:1145)
	at java.util.concurrent.ThreadPoolExecutor$Worker.run(ThreadPoolExecutor.java:615)
	at java.lang.Thread.run(Thread.java:745)
Caused by: org.springframework.beans.factory.BeanCreationException: Error creating bean with name 'securityManager' defined in class path resource [spring/ApplicationContext.xml]: Cannot resolve reference to bean 'ShiroRealm' while setting bean property 'realm'; nested exception is org.springframework.beans.factory.CannotLoadBeanClassException: Cannot find class [com.xiongyi.cg.interceptor.shiro.ShiroRealm] for bean with name 'ShiroRealm' defined in class path resource [spring/ApplicationContext.xml]; nested exception is java.lang.ClassNotFoundException: com.xiongyi.cg.interceptor.shiro.ShiroRealm
	at org.springframework.beans.factory.support.BeanDefinitionValueResolver.resolveReference(BeanDefinitionValueResolver.java:329)
	at org.springframework.beans.factory.support.BeanDefinitionValueResolver.resolveValueIfNecessary(BeanDefinitionValueResolver.java:107)
	at org.springframework.beans.factory.support.AbstractAutowireCapableBeanFactory.applyPropertyValues(AbstractAutowireCapableBeanFactory.java:1391)
	at org.springframework.beans.factory.support.AbstractAutowireCapableBeanFactory.populateBean(AbstractAutowireCapableBeanFactory.java:1132)
	at org.springframework.beans.factory.support.AbstractAutowireCapableBeanFactory.doCreateBean(AbstractAutowireCapableBeanFactory.java:522)
	at org.springframework.beans.factory.support.AbstractAutowireCapableBeanFactory.createBean(AbstractAutowireCapableBeanFactory.java:461)
	at org.springframework.beans.factory.support.AbstractBeanFactory$1.getObject(AbstractBeanFactory.java:295)
	at org.springframework.beans.factory.support.DefaultSingletonBeanRegistry.getSingleton(DefaultSingletonBeanRegistry.java:223)
	at org.springframework.beans.factory.support.AbstractBeanFactory.doGetBean(AbstractBeanFactory.java:292)
	at org.springframework.beans.factory.support.AbstractBeanFactory.getBean(AbstractBeanFactory.java:194)
	at org.springframework.beans.factory.support.BeanDefinitionValueResolver.resolveReference(BeanDefinitionValueResolver.java:323)
	... 23 more
Caused by: org.springframework.beans.factory.CannotLoadBeanClassException: Cannot find class [com.xiongyi.cg.interceptor.shiro.ShiroRealm] for bean with name 'ShiroRealm' defined in class path resource [spring/ApplicationContext.xml]; nested exception is java.lang.ClassNotFoundException: com.xiongyi.cg.interceptor.shiro.ShiroRealm
	at org.springframework.beans.factory.support.AbstractBeanFactory.resolveBeanClass(AbstractBeanFactory.java:1263)
	at org.springframework.beans.factory.support.AbstractAutowireCapableBeanFactory.createBean(AbstractAutowireCapableBeanFactory.java:438)
	at org.springframework.beans.factory.support.AbstractBeanFactory$1.getObject(AbstractBeanFactory.java:295)
	at org.springframework.beans.factory.support.DefaultSingletonBeanRegistry.getSingleton(DefaultSingletonBeanRegistry.java:223)
	at org.springframework.beans.factory.support.AbstractBeanFactory.doGetBean(AbstractBeanFactory.java:292)
	at org.springframework.beans.factory.support.AbstractBeanFactory.getBean(AbstractBeanFactory.java:194)
	at org.springframework.beans.factory.support.BeanDefinitionValueResolver.resolveReference(BeanDefinitionValueResolver.java:323)
	... 33 more
Caused by: java.lang.ClassNotFoundException: com.xiongyi.cg.interceptor.shiro.ShiroRealm
	at org.apache.catalina.loader.WebappClassLoader.loadClass(WebappClassLoader.java:1702)
	at org.apache.catalina.loader.WebappClassLoader.loadClass(WebappClassLoader.java:1547)
	at org.springframework.util.ClassUtils.forName(ClassUtils.java:258)
	at org.springframework.beans.factory.support.AbstractBeanDefinition.resolveBeanClass(AbstractBeanDefinition.java:415)
	at org.springframework.beans.factory.support.AbstractBeanFactory.doResolveBeanClass(AbstractBeanFactory.java:1284)
	at org.springframework.beans.factory.support.AbstractBeanFactory.resolveBeanClass(AbstractBeanFactory.java:1255)
	... 39 more
Related cause:
org.springframework.beans.factory.CannotLoadBeanClassException: Cannot find class [com.xiongyi.cg.interceptor.shiro.ShiroRealm] for bean with name 'ShiroRealm' defined in class path resource [spring/ApplicationContext.xml]; nested exception is java.lang.ClassNotFoundException: com.xiongyi.cg.interceptor.shiro.ShiroRealm
	at org.springframework.beans.factory.support.AbstractBeanFactory.resolveBeanClass(AbstractBeanFactory.java:1263)
	at org.springframework.beans.factory.support.AbstractAutowireCapableBeanFactory.predictBeanType(AbstractAutowireCapableBeanFactory.java:581)
	at org.springframework.beans.factory.support.AbstractBeanFactory.isFactoryBean(AbstractBeanFactory.java:1332)
	at org.springframework.beans.factory.support.DefaultListableBeanFactory.doGetBeanNamesForType(DefaultListableBeanFactory.java:337)
	at org.springframework.beans.factory.support.DefaultListableBeanFactory.getBeanNamesForType(DefaultListableBeanFactory.java:308)
	at org.springframework.beans.factory.BeanFactoryUtils.beanNamesForTypeIncludingAncestors(BeanFactoryUtils.java:187)
	at org.springframework.aop.framework.autoproxy.BeanFactoryAdvisorRetrievalHelper.findAdvisorBeans(BeanFactoryAdvisorRetrievalHelper.java:73)
	at org.springframework.aop.framework.autoproxy.AbstractAdvisorAutoProxyCreator.findCandidateAdvisors(AbstractAdvisorAutoProxyCreator.java:100)
	at org.springframework.aop.aspectj.annotation.AnnotationAwareAspectJAutoProxyCreator.findCandidateAdvisors(AnnotationAwareAspectJAutoProxyCreator.java:84)
	at org.springframework.aop.aspectj.autoproxy.AspectJAwareAdvisorAutoProxyCreator.shouldSkip(AspectJAwareAdvisorAutoProxyCreator.java:107)
	at org.springframework.aop.framework.autoproxy.AbstractAutoProxyCreator.postProcessBeforeInstantiation(AbstractAutoProxyCreator.java:275)
	at org.springframework.beans.factory.support.AbstractAutowireCapableBeanFactory.applyBeanPostProcessorsBeforeInstantiation(AbstractAutowireCapableBeanFactory.java:894)
	at org.springframework.beans.factory.support.AbstractAutowireCapableBeanFactory.resolveBeforeInstantiation(AbstractAutowireCapableBeanFactory.java:866)
	at org.springframework.beans.factory.support.AbstractAutowireCapableBeanFactory.createBean(AbstractAutowireCapableBeanFactory.java:451)
	at org.springframework.beans.factory.support.AbstractBeanFactory$1.getObject(AbstractBeanFactory.java:295)
	at org.springframework.beans.factory.support.DefaultSingletonBeanRegistry.getSingleton(DefaultSingletonBeanRegistry.java:223)
	at org.springframework.beans.factory.support.AbstractBeanFactory.doGetBean(AbstractBeanFactory.java:292)
	at org.springframework.beans.factory.support.AbstractBeanFactory.getBean(AbstractBeanFactory.java:198)
	at org.springframework.context.support.AbstractApplicationContext.registerBeanPostProcessors(AbstractApplicationContext.java:753)
	at org.springframework.context.support.AbstractApplicationContext.refresh(AbstractApplicationContext.java:464)
	at org.springframework.web.context.ContextLoader.configureAndRefreshWebApplicationContext(ContextLoader.java:383)
	at org.springframework.web.context.ContextLoader.initWebApplicationContext(ContextLoader.java:283)
	at org.springframework.web.context.ContextLoaderListener.contextInitialized(ContextLoaderListener.java:112)
	at org.apache.catalina.core.StandardContext.listenerStart(StandardContext.java:4939)
	at org.apache.catalina.core.StandardContext.startInternal(StandardContext.java:5434)
	at org.apache.catalina.util.LifecycleBase.start(LifecycleBase.java:150)
	at org.apache.catalina.core.ContainerBase$StartChild.call(ContainerBase.java:1559)
	at org.apache.catalina.core.ContainerBase$StartChild.call(ContainerBase.java:1549)
	at java.util.concurrent.FutureTask.run(FutureTask.java:262)
	at java.util.concurrent.ThreadPoolExecutor.runWorker(ThreadPoolExecutor.java:1145)
	at java.util.concurrent.ThreadPoolExecutor$Worker.run(ThreadPoolExecutor.java:615)
	at java.lang.Thread.run(Thread.java:745)
Caused by: java.lang.ClassNotFoundException: com.xiongyi.cg.interceptor.shiro.ShiroRealm
	at org.apache.catalina.loader.WebappClassLoader.loadClass(WebappClassLoader.java:1702)
	at org.apache.catalina.loader.WebappClassLoader.loadClass(WebappClassLoader.java:1547)
	at org.springframework.util.ClassUtils.forName(ClassUtils.java:258)
	at org.springframework.beans.factory.support.AbstractBeanDefinition.resolveBeanClass(AbstractBeanDefinition.java:415)
	at org.springframework.beans.factory.support.AbstractBeanFactory.doResolveBeanClass(AbstractBeanFactory.java:1284)
	at org.springframework.beans.factory.support.AbstractBeanFactory.resolveBeanClass(AbstractBeanFactory.java:1255)
	... 31 more
Related cause:
org.springframework.beans.factory.CannotLoadBeanClassException: Cannot find class [com.xiongyi.cg.interceptor.shiro.ShiroRealm] for bean with name 'ShiroRealm' defined in class path resource [spring/ApplicationContext.xml]; nested exception is java.lang.ClassNotFoundException: com.xiongyi.cg.interceptor.shiro.ShiroRealm
	at org.springframework.beans.factory.support.AbstractBeanFactory.resolveBeanClass(AbstractBeanFactory.java:1263)
	at org.springframework.beans.factory.support.AbstractAutowireCapableBeanFactory.predictBeanType(AbstractAutowireCapableBeanFactory.java:581)
	at org.springframework.beans.factory.support.AbstractBeanFactory.isFactoryBean(AbstractBeanFactory.java:1332)
	at org.springframework.beans.factory.support.DefaultListableBeanFactory.doGetBeanNamesForType(DefaultListableBeanFactory.java:337)
	at org.springframework.beans.factory.support.DefaultListableBeanFactory.getBeanNamesForType(DefaultListableBeanFactory.java:308)
	at org.springframework.beans.factory.BeanFactoryUtils.beanNamesForTypeIncludingAncestors(BeanFactoryUtils.java:187)
	at org.springframework.aop.aspectj.annotation.BeanFactoryAspectJAdvisorsBuilder.buildAspectJAdvisors(BeanFactoryAspectJAdvisorsBuilder.java:90)
	at org.springframework.aop.aspectj.annotation.AnnotationAwareAspectJAutoProxyCreator.findCandidateAdvisors(AnnotationAwareAspectJAutoProxyCreator.java:86)
	at org.springframework.aop.aspectj.autoproxy.AspectJAwareAdvisorAutoProxyCreator.shouldSkip(AspectJAwareAdvisorAutoProxyCreator.java:107)
	at org.springframework.aop.framework.autoproxy.AbstractAutoProxyCreator.postProcessBeforeInstantiation(AbstractAutoProxyCreator.java:275)
	at org.springframework.beans.factory.support.AbstractAutowireCapableBeanFactory.applyBeanPostProcessorsBeforeInstantiation(AbstractAutowireCapableBeanFactory.java:894)
	at org.springframework.beans.factory.support.AbstractAutowireCapableBeanFactory.resolveBeforeInstantiation(AbstractAutowireCapableBeanFactory.java:866)
	at org.springframework.beans.factory.support.AbstractAutowireCapableBeanFactory.createBean(AbstractAutowireCapableBeanFactory.java:451)
	at org.springframework.beans.factory.support.AbstractBeanFactory$1.getObject(AbstractBeanFactory.java:295)
	at org.springframework.beans.factory.support.DefaultSingletonBeanRegistry.getSingleton(DefaultSingletonBeanRegistry.java:223)
	at org.springframework.beans.factory.support.AbstractBeanFactory.doGetBean(AbstractBeanFactory.java:292)
	at org.springframework.beans.factory.support.AbstractBeanFactory.getBean(AbstractBeanFactory.java:198)
	at org.springframework.context.support.AbstractApplicationContext.registerBeanPostProcessors(AbstractApplicationContext.java:753)
	at org.springframework.context.support.AbstractApplicationContext.refresh(AbstractApplicationContext.java:464)
	at org.springframework.web.context.ContextLoader.configureAndRefreshWebApplicationContext(ContextLoader.java:383)
	at org.springframework.web.context.ContextLoader.initWebApplicationContext(ContextLoader.java:283)
	at org.springframework.web.context.ContextLoaderListener.contextInitialized(ContextLoaderListener.java:112)
	at org.apache.catalina.core.StandardContext.listenerStart(StandardContext.java:4939)
	at org.apache.catalina.core.StandardContext.startInternal(StandardContext.java:5434)
	at org.apache.catalina.util.LifecycleBase.start(LifecycleBase.java:150)
	at org.apache.catalina.core.ContainerBase$StartChild.call(ContainerBase.java:1559)
	at org.apache.catalina.core.ContainerBase$StartChild.call(ContainerBase.java:1549)
	at java.util.concurrent.FutureTask.run(FutureTask.java:262)
	at java.util.concurrent.ThreadPoolExecutor.runWorker(ThreadPoolExecutor.java:1145)
	at java.util.concurrent.ThreadPoolExecutor$Worker.run(ThreadPoolExecutor.java:615)
	at java.lang.Thread.run(Thread.java:745)
Caused by: java.lang.ClassNotFoundException: com.xiongyi.cg.interceptor.shiro.ShiroRealm
	at org.apache.catalina.loader.WebappClassLoader.loadClass(WebappClassLoader.java:1702)
	at org.apache.catalina.loader.WebappClassLoader.loadClass(WebappClassLoader.java:1547)
	at org.springframework.util.ClassUtils.forName(ClassUtils.java:258)
	at org.springframework.beans.factory.support.AbstractBeanDefinition.resolveBeanClass(AbstractBeanDefinition.java:415)
	at org.springframework.beans.factory.support.AbstractBeanFactory.doResolveBeanClass(AbstractBeanFactory.java:1284)
	at org.springframework.beans.factory.support.AbstractBeanFactory.resolveBeanClass(AbstractBeanFactory.java:1255)
	... 30 more
[FH_sys]  2018-01-26 23:49:59  INFO ContextLoader:272 : Root WebApplicationContext: initialization started
[FH_sys]  2018-01-26 23:49:59  INFO XmlWebApplicationContext:510 : Refreshing Root WebApplicationContext: startup date [Fri Jan 26 23:49:59 CST 2018]; root of context hierarchy
[FH_sys]  2018-01-26 23:49:59  INFO XmlBeanDefinitionReader:315 : Loading XML bean definitions from class path resource [spring/ApplicationContext.xml]
[FH_sys]  2018-01-26 23:49:59  INFO ClassPathBeanDefinitionScanner:222 : JSR-250 'javax.annotation.ManagedBean' found and supported for component scanning
[FH_sys]  2018-01-26 23:49:59  INFO ClassPathBeanDefinitionScanner:230 : JSR-330 'javax.inject.Named' annotation found and supported for component scanning
[FH_sys]  2018-01-26 23:49:59  INFO PropertyPlaceholderConfigurer:177 : Loading properties file from class path resource [dbconfig.properties]
[FH_sys]  2018-01-26 23:49:59  INFO AutowiredAnnotationBeanPostProcessor:140 : JSR-330 'javax.inject.Inject' annotation found and supported for autowiring
[FH_sys]  2018-01-26 23:49:59  INFO XmlWebApplicationContext:1374 : Bean 'org.springframework.aop.support.DefaultBeanFactoryPointcutAdvisor#0' of type [class org.springframework.aop.support.DefaultBeanFactoryPointcutAdvisor] is not eligible for getting processed by all BeanPostProcessors (for example: not eligible for auto-proxying)
[FH_sys]  2018-01-26 23:50:00  INFO DefaultListableBeanFactory:444 : Destroying singletons in org.springframework.beans.factory.support.DefaultListableBeanFactory@5dff0f89: defining beans [org.springframework.context.annotation.internalConfigurationAnnotationProcessor,org.springframework.context.annotation.internalAutowiredAnnotationProcessor,org.springframework.context.annotation.internalRequiredAnnotationProcessor,org.springframework.context.annotation.internalCommonAnnotationProcessor,transactionManager,propertyConfigurer,dataSource,txAdvice,org.springframework.aop.config.internalAutoProxyCreator,pc,org.springframework.aop.support.DefaultBeanFactoryPointcutAdvisor#0,sqlSessionFactory,sqlSessionTemplate,securityManager,ShiroRealm,shiroFilter,org.springframework.context.annotation.ConfigurationClassPostProcessor.importAwareProcessor]; root of factory hierarchy
[FH_sys]  2018-01-26 23:50:00 ERROR ContextLoader:307 : Context initialization failed
org.springframework.beans.factory.BeanCreationException: Error creating bean with name 'shiroFilter' defined in class path resource [spring/ApplicationContext.xml]: Cannot resolve reference to bean 'securityManager' while setting bean property 'securityManager'; nested exception is org.springframework.beans.factory.BeanCreationException: Error creating bean with name 'securityManager' defined in class path resource [spring/ApplicationContext.xml]: Cannot resolve reference to bean 'ShiroRealm' while setting bean property 'realm'; nested exception is org.springframework.beans.factory.CannotLoadBeanClassException: Cannot find class [com.xiongyi.cg.interceptor.shiro.ShiroRealm] for bean with name 'ShiroRealm' defined in class path resource [spring/ApplicationContext.xml]; nested exception is java.lang.ClassNotFoundException: com.xiongyi.cg.interceptor.shiro.ShiroRealm
Related cause: org.springframework.beans.factory.CannotLoadBeanClassException: Cannot find class [com.xiongyi.cg.interceptor.shiro.ShiroRealm] for bean with name 'ShiroRealm' defined in class path resource [spring/ApplicationContext.xml]; nested exception is java.lang.ClassNotFoundException: com.xiongyi.cg.interceptor.shiro.ShiroRealm
Related cause: org.springframework.beans.factory.CannotLoadBeanClassException: Cannot find class [com.xiongyi.cg.interceptor.shiro.ShiroRealm] for bean with name 'ShiroRealm' defined in class path resource [spring/ApplicationContext.xml]; nested exception is java.lang.ClassNotFoundException: com.xiongyi.cg.interceptor.shiro.ShiroRealm
	at org.springframework.beans.factory.support.BeanDefinitionValueResolver.resolveReference(BeanDefinitionValueResolver.java:329)
	at org.springframework.beans.factory.support.BeanDefinitionValueResolver.resolveValueIfNecessary(BeanDefinitionValueResolver.java:107)
	at org.springframework.beans.factory.support.AbstractAutowireCapableBeanFactory.applyPropertyValues(AbstractAutowireCapableBeanFactory.java:1391)
	at org.springframework.beans.factory.support.AbstractAutowireCapableBeanFactory.populateBean(AbstractAutowireCapableBeanFactory.java:1132)
	at org.springframework.beans.factory.support.AbstractAutowireCapableBeanFactory.doCreateBean(AbstractAutowireCapableBeanFactory.java:522)
	at org.springframework.beans.factory.support.AbstractAutowireCapableBeanFactory.createBean(AbstractAutowireCapableBeanFactory.java:461)
	at org.springframework.beans.factory.support.AbstractBeanFactory$1.getObject(AbstractBeanFactory.java:295)
	at org.springframework.beans.factory.support.DefaultSingletonBeanRegistry.getSingleton(DefaultSingletonBeanRegistry.java:223)
	at org.springframework.beans.factory.support.AbstractBeanFactory.doGetBean(AbstractBeanFactory.java:292)
	at org.springframework.beans.factory.support.AbstractBeanFactory.getBean(AbstractBeanFactory.java:198)
	at org.springframework.context.support.AbstractApplicationContext.registerBeanPostProcessors(AbstractApplicationContext.java:753)
	at org.springframework.context.support.AbstractApplicationContext.refresh(AbstractApplicationContext.java:464)
	at org.springframework.web.context.ContextLoader.configureAndRefreshWebApplicationContext(ContextLoader.java:383)
	at org.springframework.web.context.ContextLoader.initWebApplicationContext(ContextLoader.java:283)
	at org.springframework.web.context.ContextLoaderListener.contextInitialized(ContextLoaderListener.java:112)
	at org.apache.catalina.core.StandardContext.listenerStart(StandardContext.java:4939)
	at org.apache.catalina.core.StandardContext.startInternal(StandardContext.java:5434)
	at org.apache.catalina.util.LifecycleBase.start(LifecycleBase.java:150)
	at org.apache.catalina.core.ContainerBase$StartChild.call(ContainerBase.java:1559)
	at org.apache.catalina.core.ContainerBase$StartChild.call(ContainerBase.java:1549)
	at java.util.concurrent.FutureTask.run(FutureTask.java:262)
	at java.util.concurrent.ThreadPoolExecutor.runWorker(ThreadPoolExecutor.java:1145)
	at java.util.concurrent.ThreadPoolExecutor$Worker.run(ThreadPoolExecutor.java:615)
	at java.lang.Thread.run(Thread.java:745)
Caused by: org.springframework.beans.factory.BeanCreationException: Error creating bean with name 'securityManager' defined in class path resource [spring/ApplicationContext.xml]: Cannot resolve reference to bean 'ShiroRealm' while setting bean property 'realm'; nested exception is org.springframework.beans.factory.CannotLoadBeanClassException: Cannot find class [com.xiongyi.cg.interceptor.shiro.ShiroRealm] for bean with name 'ShiroRealm' defined in class path resource [spring/ApplicationContext.xml]; nested exception is java.lang.ClassNotFoundException: com.xiongyi.cg.interceptor.shiro.ShiroRealm
	at org.springframework.beans.factory.support.BeanDefinitionValueResolver.resolveReference(BeanDefinitionValueResolver.java:329)
	at org.springframework.beans.factory.support.BeanDefinitionValueResolver.resolveValueIfNecessary(BeanDefinitionValueResolver.java:107)
	at org.springframework.beans.factory.support.AbstractAutowireCapableBeanFactory.applyPropertyValues(AbstractAutowireCapableBeanFactory.java:1391)
	at org.springframework.beans.factory.support.AbstractAutowireCapableBeanFactory.populateBean(AbstractAutowireCapableBeanFactory.java:1132)
	at org.springframework.beans.factory.support.AbstractAutowireCapableBeanFactory.doCreateBean(AbstractAutowireCapableBeanFactory.java:522)
	at org.springframework.beans.factory.support.AbstractAutowireCapableBeanFactory.createBean(AbstractAutowireCapableBeanFactory.java:461)
	at org.springframework.beans.factory.support.AbstractBeanFactory$1.getObject(AbstractBeanFactory.java:295)
	at org.springframework.beans.factory.support.DefaultSingletonBeanRegistry.getSingleton(DefaultSingletonBeanRegistry.java:223)
	at org.springframework.beans.factory.support.AbstractBeanFactory.doGetBean(AbstractBeanFactory.java:292)
	at org.springframework.beans.factory.support.AbstractBeanFactory.getBean(AbstractBeanFactory.java:194)
	at org.springframework.beans.factory.support.BeanDefinitionValueResolver.resolveReference(BeanDefinitionValueResolver.java:323)
	... 23 more
Caused by: org.springframework.beans.factory.CannotLoadBeanClassException: Cannot find class [com.xiongyi.cg.interceptor.shiro.ShiroRealm] for bean with name 'ShiroRealm' defined in class path resource [spring/ApplicationContext.xml]; nested exception is java.lang.ClassNotFoundException: com.xiongyi.cg.interceptor.shiro.ShiroRealm
	at org.springframework.beans.factory.support.AbstractBeanFactory.resolveBeanClass(AbstractBeanFactory.java:1263)
	at org.springframework.beans.factory.support.AbstractAutowireCapableBeanFactory.createBean(AbstractAutowireCapableBeanFactory.java:438)
	at org.springframework.beans.factory.support.AbstractBeanFactory$1.getObject(AbstractBeanFactory.java:295)
	at org.springframework.beans.factory.support.DefaultSingletonBeanRegistry.getSingleton(DefaultSingletonBeanRegistry.java:223)
	at org.springframework.beans.factory.support.AbstractBeanFactory.doGetBean(AbstractBeanFactory.java:292)
	at org.springframework.beans.factory.support.AbstractBeanFactory.getBean(AbstractBeanFactory.java:194)
	at org.springframework.beans.factory.support.BeanDefinitionValueResolver.resolveReference(BeanDefinitionValueResolver.java:323)
	... 33 more
Caused by: java.lang.ClassNotFoundException: com.xiongyi.cg.interceptor.shiro.ShiroRealm
	at org.apache.catalina.loader.WebappClassLoader.loadClass(WebappClassLoader.java:1702)
	at org.apache.catalina.loader.WebappClassLoader.loadClass(WebappClassLoader.java:1547)
	at org.springframework.util.ClassUtils.forName(ClassUtils.java:258)
	at org.springframework.beans.factory.support.AbstractBeanDefinition.resolveBeanClass(AbstractBeanDefinition.java:415)
	at org.springframework.beans.factory.support.AbstractBeanFactory.doResolveBeanClass(AbstractBeanFactory.java:1284)
	at org.springframework.beans.factory.support.AbstractBeanFactory.resolveBeanClass(AbstractBeanFactory.java:1255)
	... 39 more
Related cause:
org.springframework.beans.factory.CannotLoadBeanClassException: Cannot find class [com.xiongyi.cg.interceptor.shiro.ShiroRealm] for bean with name 'ShiroRealm' defined in class path resource [spring/ApplicationContext.xml]; nested exception is java.lang.ClassNotFoundException: com.xiongyi.cg.interceptor.shiro.ShiroRealm
	at org.springframework.beans.factory.support.AbstractBeanFactory.resolveBeanClass(AbstractBeanFactory.java:1263)
	at org.springframework.beans.factory.support.AbstractAutowireCapableBeanFactory.predictBeanType(AbstractAutowireCapableBeanFactory.java:581)
	at org.springframework.beans.factory.support.AbstractBeanFactory.isFactoryBean(AbstractBeanFactory.java:1332)
	at org.springframework.beans.factory.support.DefaultListableBeanFactory.doGetBeanNamesForType(DefaultListableBeanFactory.java:337)
	at org.springframework.beans.factory.support.DefaultListableBeanFactory.getBeanNamesForType(DefaultListableBeanFactory.java:308)
	at org.springframework.beans.factory.BeanFactoryUtils.beanNamesForTypeIncludingAncestors(BeanFactoryUtils.java:187)
	at org.springframework.aop.framework.autoproxy.BeanFactoryAdvisorRetrievalHelper.findAdvisorBeans(BeanFactoryAdvisorRetrievalHelper.java:73)
	at org.springframework.aop.framework.autoproxy.AbstractAdvisorAutoProxyCreator.findCandidateAdvisors(AbstractAdvisorAutoProxyCreator.java:100)
	at org.springframework.aop.aspectj.annotation.AnnotationAwareAspectJAutoProxyCreator.findCandidateAdvisors(AnnotationAwareAspectJAutoProxyCreator.java:84)
	at org.springframework.aop.aspectj.autoproxy.AspectJAwareAdvisorAutoProxyCreator.shouldSkip(AspectJAwareAdvisorAutoProxyCreator.java:107)
	at org.springframework.aop.framework.autoproxy.AbstractAutoProxyCreator.postProcessBeforeInstantiation(AbstractAutoProxyCreator.java:275)
	at org.springframework.beans.factory.support.AbstractAutowireCapableBeanFactory.applyBeanPostProcessorsBeforeInstantiation(AbstractAutowireCapableBeanFactory.java:894)
	at org.springframework.beans.factory.support.AbstractAutowireCapableBeanFactory.resolveBeforeInstantiation(AbstractAutowireCapableBeanFactory.java:866)
	at org.springframework.beans.factory.support.AbstractAutowireCapableBeanFactory.createBean(AbstractAutowireCapableBeanFactory.java:451)
	at org.springframework.beans.factory.support.AbstractBeanFactory$1.getObject(AbstractBeanFactory.java:295)
	at org.springframework.beans.factory.support.DefaultSingletonBeanRegistry.getSingleton(DefaultSingletonBeanRegistry.java:223)
	at org.springframework.beans.factory.support.AbstractBeanFactory.doGetBean(AbstractBeanFactory.java:292)
	at org.springframework.beans.factory.support.AbstractBeanFactory.getBean(AbstractBeanFactory.java:198)
	at org.springframework.context.support.AbstractApplicationContext.registerBeanPostProcessors(AbstractApplicationContext.java:753)
	at org.springframework.context.support.AbstractApplicationContext.refresh(AbstractApplicationContext.java:464)
	at org.springframework.web.context.ContextLoader.configureAndRefreshWebApplicationContext(ContextLoader.java:383)
	at org.springframework.web.context.ContextLoader.initWebApplicationContext(ContextLoader.java:283)
	at org.springframework.web.context.ContextLoaderListener.contextInitialized(ContextLoaderListener.java:112)
	at org.apache.catalina.core.StandardContext.listenerStart(StandardContext.java:4939)
	at org.apache.catalina.core.StandardContext.startInternal(StandardContext.java:5434)
	at org.apache.catalina.util.LifecycleBase.start(LifecycleBase.java:150)
	at org.apache.catalina.core.ContainerBase$StartChild.call(ContainerBase.java:1559)
	at org.apache.catalina.core.ContainerBase$StartChild.call(ContainerBase.java:1549)
	at java.util.concurrent.FutureTask.run(FutureTask.java:262)
	at java.util.concurrent.ThreadPoolExecutor.runWorker(ThreadPoolExecutor.java:1145)
	at java.util.concurrent.ThreadPoolExecutor$Worker.run(ThreadPoolExecutor.java:615)
	at java.lang.Thread.run(Thread.java:745)
Caused by: java.lang.ClassNotFoundException: com.xiongyi.cg.interceptor.shiro.ShiroRealm
	at org.apache.catalina.loader.WebappClassLoader.loadClass(WebappClassLoader.java:1702)
	at org.apache.catalina.loader.WebappClassLoader.loadClass(WebappClassLoader.java:1547)
	at org.springframework.util.ClassUtils.forName(ClassUtils.java:258)
	at org.springframework.beans.factory.support.AbstractBeanDefinition.resolveBeanClass(AbstractBeanDefinition.java:415)
	at org.springframework.beans.factory.support.AbstractBeanFactory.doResolveBeanClass(AbstractBeanFactory.java:1284)
	at org.springframework.beans.factory.support.AbstractBeanFactory.resolveBeanClass(AbstractBeanFactory.java:1255)
	... 31 more
Related cause:
org.springframework.beans.factory.CannotLoadBeanClassException: Cannot find class [com.xiongyi.cg.interceptor.shiro.ShiroRealm] for bean with name 'ShiroRealm' defined in class path resource [spring/ApplicationContext.xml]; nested exception is java.lang.ClassNotFoundException: com.xiongyi.cg.interceptor.shiro.ShiroRealm
	at org.springframework.beans.factory.support.AbstractBeanFactory.resolveBeanClass(AbstractBeanFactory.java:1263)
	at org.springframework.beans.factory.support.AbstractAutowireCapableBeanFactory.predictBeanType(AbstractAutowireCapableBeanFactory.java:581)
	at org.springframework.beans.factory.support.AbstractBeanFactory.isFactoryBean(AbstractBeanFactory.java:1332)
	at org.springframework.beans.factory.support.DefaultListableBeanFactory.doGetBeanNamesForType(DefaultListableBeanFactory.java:337)
	at org.springframework.beans.factory.support.DefaultListableBeanFactory.getBeanNamesForType(DefaultListableBeanFactory.java:308)
	at org.springframework.beans.factory.BeanFactoryUtils.beanNamesForTypeIncludingAncestors(BeanFactoryUtils.java:187)
	at org.springframework.aop.aspectj.annotation.BeanFactoryAspectJAdvisorsBuilder.buildAspectJAdvisors(BeanFactoryAspectJAdvisorsBuilder.java:90)
	at org.springframework.aop.aspectj.annotation.AnnotationAwareAspectJAutoProxyCreator.findCandidateAdvisors(AnnotationAwareAspectJAutoProxyCreator.java:86)
	at org.springframework.aop.aspectj.autoproxy.AspectJAwareAdvisorAutoProxyCreator.shouldSkip(AspectJAwareAdvisorAutoProxyCreator.java:107)
	at org.springframework.aop.framework.autoproxy.AbstractAutoProxyCreator.postProcessBeforeInstantiation(AbstractAutoProxyCreator.java:275)
	at org.springframework.beans.factory.support.AbstractAutowireCapableBeanFactory.applyBeanPostProcessorsBeforeInstantiation(AbstractAutowireCapableBeanFactory.java:894)
	at org.springframework.beans.factory.support.AbstractAutowireCapableBeanFactory.resolveBeforeInstantiation(AbstractAutowireCapableBeanFactory.java:866)
	at org.springframework.beans.factory.support.AbstractAutowireCapableBeanFactory.createBean(AbstractAutowireCapableBeanFactory.java:451)
	at org.springframework.beans.factory.support.AbstractBeanFactory$1.getObject(AbstractBeanFactory.java:295)
	at org.springframework.beans.factory.support.DefaultSingletonBeanRegistry.getSingleton(DefaultSingletonBeanRegistry.java:223)
	at org.springframework.beans.factory.support.AbstractBeanFactory.doGetBean(AbstractBeanFactory.java:292)
	at org.springframework.beans.factory.support.AbstractBeanFactory.getBean(AbstractBeanFactory.java:198)
	at org.springframework.context.support.AbstractApplicationContext.registerBeanPostProcessors(AbstractApplicationContext.java:753)
	at org.springframework.context.support.AbstractApplicationContext.refresh(AbstractApplicationContext.java:464)
	at org.springframework.web.context.ContextLoader.configureAndRefreshWebApplicationContext(ContextLoader.java:383)
	at org.springframework.web.context.ContextLoader.initWebApplicationContext(ContextLoader.java:283)
	at org.springframework.web.context.ContextLoaderListener.contextInitialized(ContextLoaderListener.java:112)
	at org.apache.catalina.core.StandardContext.listenerStart(StandardContext.java:4939)
	at org.apache.catalina.core.StandardContext.startInternal(StandardContext.java:5434)
	at org.apache.catalina.util.LifecycleBase.start(LifecycleBase.java:150)
	at org.apache.catalina.core.ContainerBase$StartChild.call(ContainerBase.java:1559)
	at org.apache.catalina.core.ContainerBase$StartChild.call(ContainerBase.java:1549)
	at java.util.concurrent.FutureTask.run(FutureTask.java:262)
	at java.util.concurrent.ThreadPoolExecutor.runWorker(ThreadPoolExecutor.java:1145)
	at java.util.concurrent.ThreadPoolExecutor$Worker.run(ThreadPoolExecutor.java:615)
	at java.lang.Thread.run(Thread.java:745)
Caused by: java.lang.ClassNotFoundException: com.xiongyi.cg.interceptor.shiro.ShiroRealm
	at org.apache.catalina.loader.WebappClassLoader.loadClass(WebappClassLoader.java:1702)
	at org.apache.catalina.loader.WebappClassLoader.loadClass(WebappClassLoader.java:1547)
	at org.springframework.util.ClassUtils.forName(ClassUtils.java:258)
	at org.springframework.beans.factory.support.AbstractBeanDefinition.resolveBeanClass(AbstractBeanDefinition.java:415)
	at org.springframework.beans.factory.support.AbstractBeanFactory.doResolveBeanClass(AbstractBeanFactory.java:1284)
	at org.springframework.beans.factory.support.AbstractBeanFactory.resolveBeanClass(AbstractBeanFactory.java:1255)
	... 30 more
[FH_sys]  2018-01-26 23:51:13  INFO ContextLoader:272 : Root WebApplicationContext: initialization started
[FH_sys]  2018-01-26 23:51:13  INFO XmlWebApplicationContext:510 : Refreshing Root WebApplicationContext: startup date [Fri Jan 26 23:51:13 CST 2018]; root of context hierarchy
[FH_sys]  2018-01-26 23:51:13  INFO XmlBeanDefinitionReader:315 : Loading XML bean definitions from class path resource [spring/ApplicationContext.xml]
[FH_sys]  2018-01-26 23:51:13  INFO ClassPathBeanDefinitionScanner:222 : JSR-250 'javax.annotation.ManagedBean' found and supported for component scanning
[FH_sys]  2018-01-26 23:51:13  INFO ClassPathBeanDefinitionScanner:230 : JSR-330 'javax.inject.Named' annotation found and supported for component scanning
[FH_sys]  2018-01-26 23:51:13  INFO PropertyPlaceholderConfigurer:177 : Loading properties file from class path resource [dbconfig.properties]
[FH_sys]  2018-01-26 23:51:13  INFO AutowiredAnnotationBeanPostProcessor:140 : JSR-330 'javax.inject.Inject' annotation found and supported for autowiring
[FH_sys]  2018-01-26 23:51:13  INFO XmlWebApplicationContext:1374 : Bean 'org.springframework.aop.support.DefaultBeanFactoryPointcutAdvisor#0' of type [class org.springframework.aop.support.DefaultBeanFactoryPointcutAdvisor] is not eligible for getting processed by all BeanPostProcessors (for example: not eligible for auto-proxying)
[FH_sys]  2018-01-26 23:51:13  INFO XmlWebApplicationContext:1374 : Bean 'ShiroRealm' of type [class com.xiongyi.interceptor.shiro.ShiroRealm] is not eligible for getting processed by all BeanPostProcessors (for example: not eligible for auto-proxying)
[FH_sys]  2018-01-26 23:51:14  INFO XmlWebApplicationContext:1374 : Bean 'securityManager' of type [class org.apache.shiro.web.mgt.DefaultWebSecurityManager] is not eligible for getting processed by all BeanPostProcessors (for example: not eligible for auto-proxying)
[FH_sys]  2018-01-26 23:51:14 DEBUG UiApplicationContextUtils:85 : Unable to locate ThemeSource with name 'themeSource': using default [org.springframework.ui.context.support.ResourceBundleThemeSource@6d279989]
[FH_sys]  2018-01-26 23:51:14  INFO DefaultListableBeanFactory:577 : Pre-instantiating singletons in org.springframework.beans.factory.support.DefaultListableBeanFactory@7a59d94e: defining beans [org.springframework.context.annotation.internalConfigurationAnnotationProcessor,org.springframework.context.annotation.internalAutowiredAnnotationProcessor,org.springframework.context.annotation.internalRequiredAnnotationProcessor,org.springframework.context.annotation.internalCommonAnnotationProcessor,transactionManager,propertyConfigurer,dataSource,txAdvice,org.springframework.aop.config.internalAutoProxyCreator,pc,org.springframework.aop.support.DefaultBeanFactoryPointcutAdvisor#0,sqlSessionFactory,sqlSessionTemplate,securityManager,ShiroRealm,shiroFilter,org.springframework.context.annotation.ConfigurationClassPostProcessor.importAwareProcessor]; root of factory hierarchy
[FH_sys]  2018-01-26 23:51:14 DEBUG NameMatchTransactionAttributeSource:94 : Adding transactional method [delete*] with attribute [PROPAGATION_REQUIRED,ISOLATION_DEFAULT,-java.lang.Exception]
[FH_sys]  2018-01-26 23:51:14 DEBUG NameMatchTransactionAttributeSource:94 : Adding transactional method [insert*] with attribute [PROPAGATION_REQUIRED,ISOLATION_DEFAULT,-java.lang.Exception]
[FH_sys]  2018-01-26 23:51:14 DEBUG NameMatchTransactionAttributeSource:94 : Adding transactional method [update*] with attribute [PROPAGATION_REQUIRED,ISOLATION_DEFAULT,-java.lang.Exception]
[FH_sys]  2018-01-26 23:51:14 DEBUG NameMatchTransactionAttributeSource:94 : Adding transactional method [save*] with attribute [PROPAGATION_REQUIRED,ISOLATION_DEFAULT,-java.lang.Exception]
[FH_sys]  2018-01-26 23:51:15  INFO DefaultListableBeanFactory:444 : Destroying singletons in org.springframework.beans.factory.support.DefaultListableBeanFactory@7a59d94e: defining beans [org.springframework.context.annotation.internalConfigurationAnnotationProcessor,org.springframework.context.annotation.internalAutowiredAnnotationProcessor,org.springframework.context.annotation.internalRequiredAnnotationProcessor,org.springframework.context.annotation.internalCommonAnnotationProcessor,transactionManager,propertyConfigurer,dataSource,txAdvice,org.springframework.aop.config.internalAutoProxyCreator,pc,org.springframework.aop.support.DefaultBeanFactoryPointcutAdvisor#0,sqlSessionFactory,sqlSessionTemplate,securityManager,ShiroRealm,shiroFilter,org.springframework.context.annotation.ConfigurationClassPostProcessor.importAwareProcessor]; root of factory hierarchy
[FH_sys]  2018-01-26 23:51:15 ERROR ContextLoader:307 : Context initialization failed
org.springframework.beans.factory.BeanCreationException: Error creating bean with name 'sqlSessionFactory' defined in class path resource [spring/ApplicationContext.xml]: Invocation of init method failed; nested exception is org.springframework.core.NestedIOException: Failed to parse config resource: class path resource [mybatis/mybatis-config.xml]; nested exception is org.apache.ibatis.builder.BuilderException: Error parsing SQL Mapper Configuration. Cause: org.apache.ibatis.builder.BuilderException: Error registering typeAlias for 'User'. Cause: java.lang.ClassNotFoundException: Cannot find class: com.xiongyi.cg.entity.User
	at org.springframework.beans.factory.support.AbstractAutowireCapableBeanFactory.initializeBean(AbstractAutowireCapableBeanFactory.java:1486)
	at org.springframework.beans.factory.support.AbstractAutowireCapableBeanFactory.doCreateBean(AbstractAutowireCapableBeanFactory.java:524)
	at org.springframework.beans.factory.support.AbstractAutowireCapableBeanFactory.createBean(AbstractAutowireCapableBeanFactory.java:461)
	at org.springframework.beans.factory.support.AbstractBeanFactory$1.getObject(AbstractBeanFactory.java:295)
	at org.springframework.beans.factory.support.DefaultSingletonBeanRegistry.getSingleton(DefaultSingletonBeanRegistry.java:223)
	at org.springframework.beans.factory.support.AbstractBeanFactory.doGetBean(AbstractBeanFactory.java:292)
	at org.springframework.beans.factory.support.AbstractBeanFactory.getBean(AbstractBeanFactory.java:194)
	at org.springframework.beans.factory.support.DefaultListableBeanFactory.preInstantiateSingletons(DefaultListableBeanFactory.java:589)
	at org.springframework.context.support.AbstractApplicationContext.finishBeanFactoryInitialization(AbstractApplicationContext.java:932)
	at org.springframework.context.support.AbstractApplicationContext.refresh(AbstractApplicationContext.java:479)
	at org.springframework.web.context.ContextLoader.configureAndRefreshWebApplicationContext(ContextLoader.java:383)
	at org.springframework.web.context.ContextLoader.initWebApplicationContext(ContextLoader.java:283)
	at org.springframework.web.context.ContextLoaderListener.contextInitialized(ContextLoaderListener.java:112)
	at org.apache.catalina.core.StandardContext.listenerStart(StandardContext.java:4939)
	at org.apache.catalina.core.StandardContext.startInternal(StandardContext.java:5434)
	at org.apache.catalina.util.LifecycleBase.start(LifecycleBase.java:150)
	at org.apache.catalina.core.ContainerBase$StartChild.call(ContainerBase.java:1559)
	at org.apache.catalina.core.ContainerBase$StartChild.call(ContainerBase.java:1549)
	at java.util.concurrent.FutureTask.run(FutureTask.java:262)
	at java.util.concurrent.ThreadPoolExecutor.runWorker(ThreadPoolExecutor.java:1145)
	at java.util.concurrent.ThreadPoolExecutor$Worker.run(ThreadPoolExecutor.java:615)
	at java.lang.Thread.run(Thread.java:745)
Caused by: org.springframework.core.NestedIOException: Failed to parse config resource: class path resource [mybatis/mybatis-config.xml]; nested exception is org.apache.ibatis.builder.BuilderException: Error parsing SQL Mapper Configuration. Cause: org.apache.ibatis.builder.BuilderException: Error registering typeAlias for 'User'. Cause: java.lang.ClassNotFoundException: Cannot find class: com.xiongyi.cg.entity.User
	at org.mybatis.spring.SqlSessionFactoryBean.buildSqlSessionFactory(SqlSessionFactoryBean.java:434)
	at org.mybatis.spring.SqlSessionFactoryBean.afterPropertiesSet(SqlSessionFactoryBean.java:340)
	at org.springframework.beans.factory.support.AbstractAutowireCapableBeanFactory.invokeInitMethods(AbstractAutowireCapableBeanFactory.java:1545)
	at org.springframework.beans.factory.support.AbstractAutowireCapableBeanFactory.initializeBean(AbstractAutowireCapableBeanFactory.java:1483)
	... 21 more
Caused by: org.apache.ibatis.builder.BuilderException: Error parsing SQL Mapper Configuration. Cause: org.apache.ibatis.builder.BuilderException: Error registering typeAlias for 'User'. Cause: java.lang.ClassNotFoundException: Cannot find class: com.xiongyi.cg.entity.User
	at org.apache.ibatis.builder.xml.XMLConfigBuilder.parseConfiguration(XMLConfigBuilder.java:115)
	at org.apache.ibatis.builder.xml.XMLConfigBuilder.parse(XMLConfigBuilder.java:95)
	at org.mybatis.spring.SqlSessionFactoryBean.buildSqlSessionFactory(SqlSessionFactoryBean.java:428)
	... 24 more
Caused by: org.apache.ibatis.builder.BuilderException: Error registering typeAlias for 'User'. Cause: java.lang.ClassNotFoundException: Cannot find class: com.xiongyi.cg.entity.User
	at org.apache.ibatis.builder.xml.XMLConfigBuilder.typeAliasesElement(XMLConfigBuilder.java:136)
	at org.apache.ibatis.builder.xml.XMLConfigBuilder.parseConfiguration(XMLConfigBuilder.java:103)
	... 26 more
Caused by: java.lang.ClassNotFoundException: Cannot find class: com.xiongyi.cg.entity.User
	at org.apache.ibatis.io.ClassLoaderWrapper.classForName(ClassLoaderWrapper.java:200)
	at org.apache.ibatis.io.ClassLoaderWrapper.classForName(ClassLoaderWrapper.java:89)
	at org.apache.ibatis.io.Resources.classForName(Resources.java:261)
	at org.apache.ibatis.builder.xml.XMLConfigBuilder.typeAliasesElement(XMLConfigBuilder.java:129)
	... 27 more
[FH_sys]  2018-01-26 23:52:15  INFO ContextLoader:272 : Root WebApplicationContext: initialization started
[FH_sys]  2018-01-26 23:52:15  INFO XmlWebApplicationContext:510 : Refreshing Root WebApplicationContext: startup date [Fri Jan 26 23:52:15 CST 2018]; root of context hierarchy
[FH_sys]  2018-01-26 23:52:15  INFO XmlBeanDefinitionReader:315 : Loading XML bean definitions from class path resource [spring/ApplicationContext.xml]
[FH_sys]  2018-01-26 23:52:15  INFO ClassPathBeanDefinitionScanner:222 : JSR-250 'javax.annotation.ManagedBean' found and supported for component scanning
[FH_sys]  2018-01-26 23:52:15  INFO ClassPathBeanDefinitionScanner:230 : JSR-330 'javax.inject.Named' annotation found and supported for component scanning
[FH_sys]  2018-01-26 23:52:16  INFO PropertyPlaceholderConfigurer:177 : Loading properties file from class path resource [dbconfig.properties]
[FH_sys]  2018-01-26 23:52:16  INFO AutowiredAnnotationBeanPostProcessor:140 : JSR-330 'javax.inject.Inject' annotation found and supported for autowiring
[FH_sys]  2018-01-26 23:52:16  INFO XmlWebApplicationContext:1374 : Bean 'org.springframework.aop.support.DefaultBeanFactoryPointcutAdvisor#0' of type [class org.springframework.aop.support.DefaultBeanFactoryPointcutAdvisor] is not eligible for getting processed by all BeanPostProcessors (for example: not eligible for auto-proxying)
[FH_sys]  2018-01-26 23:52:16  INFO XmlWebApplicationContext:1374 : Bean 'ShiroRealm' of type [class com.xiongyi.interceptor.shiro.ShiroRealm] is not eligible for getting processed by all BeanPostProcessors (for example: not eligible for auto-proxying)
[FH_sys]  2018-01-26 23:52:16  INFO XmlWebApplicationContext:1374 : Bean 'securityManager' of type [class org.apache.shiro.web.mgt.DefaultWebSecurityManager] is not eligible for getting processed by all BeanPostProcessors (for example: not eligible for auto-proxying)
[FH_sys]  2018-01-26 23:52:16 DEBUG UiApplicationContextUtils:85 : Unable to locate ThemeSource with name 'themeSource': using default [org.springframework.ui.context.support.ResourceBundleThemeSource@3487b78d]
[FH_sys]  2018-01-26 23:52:16  INFO DefaultListableBeanFactory:577 : Pre-instantiating singletons in org.springframework.beans.factory.support.DefaultListableBeanFactory@39667a85: defining beans [org.springframework.context.annotation.internalConfigurationAnnotationProcessor,org.springframework.context.annotation.internalAutowiredAnnotationProcessor,org.springframework.context.annotation.internalRequiredAnnotationProcessor,org.springframework.context.annotation.internalCommonAnnotationProcessor,transactionManager,propertyConfigurer,dataSource,txAdvice,org.springframework.aop.config.internalAutoProxyCreator,pc,org.springframework.aop.support.DefaultBeanFactoryPointcutAdvisor#0,sqlSessionFactory,sqlSessionTemplate,securityManager,ShiroRealm,shiroFilter,org.springframework.context.annotation.ConfigurationClassPostProcessor.importAwareProcessor]; root of factory hierarchy
[FH_sys]  2018-01-26 23:52:17 DEBUG NameMatchTransactionAttributeSource:94 : Adding transactional method [delete*] with attribute [PROPAGATION_REQUIRED,ISOLATION_DEFAULT,-java.lang.Exception]
[FH_sys]  2018-01-26 23:52:17 DEBUG NameMatchTransactionAttributeSource:94 : Adding transactional method [insert*] with attribute [PROPAGATION_REQUIRED,ISOLATION_DEFAULT,-java.lang.Exception]
[FH_sys]  2018-01-26 23:52:17 DEBUG NameMatchTransactionAttributeSource:94 : Adding transactional method [update*] with attribute [PROPAGATION_REQUIRED,ISOLATION_DEFAULT,-java.lang.Exception]
[FH_sys]  2018-01-26 23:52:17 DEBUG NameMatchTransactionAttributeSource:94 : Adding transactional method [save*] with attribute [PROPAGATION_REQUIRED,ISOLATION_DEFAULT,-java.lang.Exception]
[FH_sys]  2018-01-26 23:52:17  INFO DefaultListableBeanFactory:444 : Destroying singletons in org.springframework.beans.factory.support.DefaultListableBeanFactory@39667a85: defining beans [org.springframework.context.annotation.internalConfigurationAnnotationProcessor,org.springframework.context.annotation.internalAutowiredAnnotationProcessor,org.springframework.context.annotation.internalRequiredAnnotationProcessor,org.springframework.context.annotation.internalCommonAnnotationProcessor,transactionManager,propertyConfigurer,dataSource,txAdvice,org.springframework.aop.config.internalAutoProxyCreator,pc,org.springframework.aop.support.DefaultBeanFactoryPointcutAdvisor#0,sqlSessionFactory,sqlSessionTemplate,securityManager,ShiroRealm,shiroFilter,org.springframework.context.annotation.ConfigurationClassPostProcessor.importAwareProcessor]; root of factory hierarchy
[FH_sys]  2018-01-26 23:52:17 ERROR ContextLoader:307 : Context initialization failed
org.springframework.beans.factory.BeanCreationException: Error creating bean with name 'sqlSessionFactory' defined in class path resource [spring/ApplicationContext.xml]: Invocation of init method failed; nested exception is org.springframework.core.NestedIOException: Failed to parse config resource: class path resource [mybatis/mybatis-config.xml]; nested exception is org.apache.ibatis.builder.BuilderException: Error parsing SQL Mapper Configuration. Cause: org.apache.ibatis.builder.BuilderException: Error registering typeAlias for 'Page'. Cause: java.lang.ClassNotFoundException: Cannot find class: com.xiongyi.cg.entity.Page
	at org.springframework.beans.factory.support.AbstractAutowireCapableBeanFactory.initializeBean(AbstractAutowireCapableBeanFactory.java:1486)
	at org.springframework.beans.factory.support.AbstractAutowireCapableBeanFactory.doCreateBean(AbstractAutowireCapableBeanFactory.java:524)
	at org.springframework.beans.factory.support.AbstractAutowireCapableBeanFactory.createBean(AbstractAutowireCapableBeanFactory.java:461)
	at org.springframework.beans.factory.support.AbstractBeanFactory$1.getObject(AbstractBeanFactory.java:295)
	at org.springframework.beans.factory.support.DefaultSingletonBeanRegistry.getSingleton(DefaultSingletonBeanRegistry.java:223)
	at org.springframework.beans.factory.support.AbstractBeanFactory.doGetBean(AbstractBeanFactory.java:292)
	at org.springframework.beans.factory.support.AbstractBeanFactory.getBean(AbstractBeanFactory.java:194)
	at org.springframework.beans.factory.support.DefaultListableBeanFactory.preInstantiateSingletons(DefaultListableBeanFactory.java:589)
	at org.springframework.context.support.AbstractApplicationContext.finishBeanFactoryInitialization(AbstractApplicationContext.java:932)
	at org.springframework.context.support.AbstractApplicationContext.refresh(AbstractApplicationContext.java:479)
	at org.springframework.web.context.ContextLoader.configureAndRefreshWebApplicationContext(ContextLoader.java:383)
	at org.springframework.web.context.ContextLoader.initWebApplicationContext(ContextLoader.java:283)
	at org.springframework.web.context.ContextLoaderListener.contextInitialized(ContextLoaderListener.java:112)
	at org.apache.catalina.core.StandardContext.listenerStart(StandardContext.java:4939)
	at org.apache.catalina.core.StandardContext.startInternal(StandardContext.java:5434)
	at org.apache.catalina.util.LifecycleBase.start(LifecycleBase.java:150)
	at org.apache.catalina.core.ContainerBase$StartChild.call(ContainerBase.java:1559)
	at org.apache.catalina.core.ContainerBase$StartChild.call(ContainerBase.java:1549)
	at java.util.concurrent.FutureTask.run(FutureTask.java:262)
	at java.util.concurrent.ThreadPoolExecutor.runWorker(ThreadPoolExecutor.java:1145)
	at java.util.concurrent.ThreadPoolExecutor$Worker.run(ThreadPoolExecutor.java:615)
	at java.lang.Thread.run(Thread.java:745)
Caused by: org.springframework.core.NestedIOException: Failed to parse config resource: class path resource [mybatis/mybatis-config.xml]; nested exception is org.apache.ibatis.builder.BuilderException: Error parsing SQL Mapper Configuration. Cause: org.apache.ibatis.builder.BuilderException: Error registering typeAlias for 'Page'. Cause: java.lang.ClassNotFoundException: Cannot find class: com.xiongyi.cg.entity.Page
	at org.mybatis.spring.SqlSessionFactoryBean.buildSqlSessionFactory(SqlSessionFactoryBean.java:434)
	at org.mybatis.spring.SqlSessionFactoryBean.afterPropertiesSet(SqlSessionFactoryBean.java:340)
	at org.springframework.beans.factory.support.AbstractAutowireCapableBeanFactory.invokeInitMethods(AbstractAutowireCapableBeanFactory.java:1545)
	at org.springframework.beans.factory.support.AbstractAutowireCapableBeanFactory.initializeBean(AbstractAutowireCapableBeanFactory.java:1483)
	... 21 more
Caused by: org.apache.ibatis.builder.BuilderException: Error parsing SQL Mapper Configuration. Cause: org.apache.ibatis.builder.BuilderException: Error registering typeAlias for 'Page'. Cause: java.lang.ClassNotFoundException: Cannot find class: com.xiongyi.cg.entity.Page
	at org.apache.ibatis.builder.xml.XMLConfigBuilder.parseConfiguration(XMLConfigBuilder.java:115)
	at org.apache.ibatis.builder.xml.XMLConfigBuilder.parse(XMLConfigBuilder.java:95)
	at org.mybatis.spring.SqlSessionFactoryBean.buildSqlSessionFactory(SqlSessionFactoryBean.java:428)
	... 24 more
Caused by: org.apache.ibatis.builder.BuilderException: Error registering typeAlias for 'Page'. Cause: java.lang.ClassNotFoundException: Cannot find class: com.xiongyi.cg.entity.Page
	at org.apache.ibatis.builder.xml.XMLConfigBuilder.typeAliasesElement(XMLConfigBuilder.java:136)
	at org.apache.ibatis.builder.xml.XMLConfigBuilder.parseConfiguration(XMLConfigBuilder.java:103)
	... 26 more
Caused by: java.lang.ClassNotFoundException: Cannot find class: com.xiongyi.cg.entity.Page
	at org.apache.ibatis.io.ClassLoaderWrapper.classForName(ClassLoaderWrapper.java:200)
	at org.apache.ibatis.io.ClassLoaderWrapper.classForName(ClassLoaderWrapper.java:89)
	at org.apache.ibatis.io.Resources.classForName(Resources.java:261)
	at org.apache.ibatis.builder.xml.XMLConfigBuilder.typeAliasesElement(XMLConfigBuilder.java:129)
	... 27 more
[FH_sys]  2018-01-26 23:53:02  INFO ContextLoader:272 : Root WebApplicationContext: initialization started
[FH_sys]  2018-01-26 23:53:02  INFO XmlWebApplicationContext:510 : Refreshing Root WebApplicationContext: startup date [Fri Jan 26 23:53:02 CST 2018]; root of context hierarchy
[FH_sys]  2018-01-26 23:53:02  INFO XmlBeanDefinitionReader:315 : Loading XML bean definitions from class path resource [spring/ApplicationContext.xml]
[FH_sys]  2018-01-26 23:53:02  INFO ClassPathBeanDefinitionScanner:222 : JSR-250 'javax.annotation.ManagedBean' found and supported for component scanning
[FH_sys]  2018-01-26 23:53:02  INFO ClassPathBeanDefinitionScanner:230 : JSR-330 'javax.inject.Named' annotation found and supported for component scanning
[FH_sys]  2018-01-26 23:53:02  INFO PropertyPlaceholderConfigurer:177 : Loading properties file from class path resource [dbconfig.properties]
[FH_sys]  2018-01-26 23:53:02  INFO AutowiredAnnotationBeanPostProcessor:140 : JSR-330 'javax.inject.Inject' annotation found and supported for autowiring
[FH_sys]  2018-01-26 23:53:03  INFO XmlWebApplicationContext:1374 : Bean 'org.springframework.aop.support.DefaultBeanFactoryPointcutAdvisor#0' of type [class org.springframework.aop.support.DefaultBeanFactoryPointcutAdvisor] is not eligible for getting processed by all BeanPostProcessors (for example: not eligible for auto-proxying)
[FH_sys]  2018-01-26 23:53:03  INFO XmlWebApplicationContext:1374 : Bean 'ShiroRealm' of type [class com.xiongyi.interceptor.shiro.ShiroRealm] is not eligible for getting processed by all BeanPostProcessors (for example: not eligible for auto-proxying)
[FH_sys]  2018-01-26 23:53:03  INFO XmlWebApplicationContext:1374 : Bean 'securityManager' of type [class org.apache.shiro.web.mgt.DefaultWebSecurityManager] is not eligible for getting processed by all BeanPostProcessors (for example: not eligible for auto-proxying)
[FH_sys]  2018-01-26 23:53:03 DEBUG UiApplicationContextUtils:85 : Unable to locate ThemeSource with name 'themeSource': using default [org.springframework.ui.context.support.ResourceBundleThemeSource@42aa7c32]
[FH_sys]  2018-01-26 23:53:03  INFO DefaultListableBeanFactory:577 : Pre-instantiating singletons in org.springframework.beans.factory.support.DefaultListableBeanFactory@5da7a8b: defining beans [org.springframework.context.annotation.internalConfigurationAnnotationProcessor,org.springframework.context.annotation.internalAutowiredAnnotationProcessor,org.springframework.context.annotation.internalRequiredAnnotationProcessor,org.springframework.context.annotation.internalCommonAnnotationProcessor,transactionManager,propertyConfigurer,dataSource,txAdvice,org.springframework.aop.config.internalAutoProxyCreator,pc,org.springframework.aop.support.DefaultBeanFactoryPointcutAdvisor#0,sqlSessionFactory,sqlSessionTemplate,securityManager,ShiroRealm,shiroFilter,org.springframework.context.annotation.ConfigurationClassPostProcessor.importAwareProcessor]; root of factory hierarchy
[FH_sys]  2018-01-26 23:53:03 DEBUG NameMatchTransactionAttributeSource:94 : Adding transactional method [delete*] with attribute [PROPAGATION_REQUIRED,ISOLATION_DEFAULT,-java.lang.Exception]
[FH_sys]  2018-01-26 23:53:03 DEBUG NameMatchTransactionAttributeSource:94 : Adding transactional method [insert*] with attribute [PROPAGATION_REQUIRED,ISOLATION_DEFAULT,-java.lang.Exception]
[FH_sys]  2018-01-26 23:53:03 DEBUG NameMatchTransactionAttributeSource:94 : Adding transactional method [update*] with attribute [PROPAGATION_REQUIRED,ISOLATION_DEFAULT,-java.lang.Exception]
[FH_sys]  2018-01-26 23:53:03 DEBUG NameMatchTransactionAttributeSource:94 : Adding transactional method [save*] with attribute [PROPAGATION_REQUIRED,ISOLATION_DEFAULT,-java.lang.Exception]
[FH_sys]  2018-01-26 23:53:04 DEBUG JndiTemplate:150 : Looking up JNDI object with name [java:comp/env/spring.liveBeansView.mbeanDomain]
[FH_sys]  2018-01-26 23:53:04 DEBUG JndiLocatorDelegate:101 : Converted JNDI name [java:comp/env/spring.liveBeansView.mbeanDomain] not found - trying original name [spring.liveBeansView.mbeanDomain]. javax.naming.NameNotFoundException: Name [spring.liveBeansView.mbeanDomain] is not bound in this Context. Unable to find [spring.liveBeansView.mbeanDomain].
[FH_sys]  2018-01-26 23:53:04 DEBUG JndiTemplate:150 : Looking up JNDI object with name [spring.liveBeansView.mbeanDomain]
[FH_sys]  2018-01-26 23:53:04 DEBUG JndiPropertySource:87 : JNDI lookup for name [spring.liveBeansView.mbeanDomain] threw NamingException with message: Name [spring.liveBeansView.mbeanDomain] is not bound in this Context. Unable to find [spring.liveBeansView.mbeanDomain].. Returning null.
[FH_sys]  2018-01-26 23:53:04  INFO ContextLoader:301 : Root WebApplicationContext: initialization completed in 2090 ms
[FH_sys]  2018-01-26 23:53:04  INFO XmlWebApplicationContext:1042 : Closing Root WebApplicationContext: startup date [Fri Jan 26 23:53:02 CST 2018]; root of context hierarchy
[FH_sys]  2018-01-26 23:53:04  INFO DefaultListableBeanFactory:444 : Destroying singletons in org.springframework.beans.factory.support.DefaultListableBeanFactory@5da7a8b: defining beans [org.springframework.context.annotation.internalConfigurationAnnotationProcessor,org.springframework.context.annotation.internalAutowiredAnnotationProcessor,org.springframework.context.annotation.internalRequiredAnnotationProcessor,org.springframework.context.annotation.internalCommonAnnotationProcessor,transactionManager,propertyConfigurer,dataSource,txAdvice,org.springframework.aop.config.internalAutoProxyCreator,pc,org.springframework.aop.support.DefaultBeanFactoryPointcutAdvisor#0,sqlSessionFactory,sqlSessionTemplate,securityManager,ShiroRealm,shiroFilter,org.springframework.context.annotation.ConfigurationClassPostProcessor.importAwareProcessor]; root of factory hierarchy
[FH_sys]  2018-01-26 23:53:04  WARN DisposableBeanAdapter:330 : Invocation of destroy method 'close' failed on bean with name 'sqlSessionTemplate': java.lang.UnsupportedOperationException: Manual close is not allowed over a Spring managed SqlSession
[FH_sys]  2018-01-26 23:54:16  INFO ContextLoader:272 : Root WebApplicationContext: initialization started
[FH_sys]  2018-01-26 23:54:16  INFO XmlWebApplicationContext:510 : Refreshing Root WebApplicationContext: startup date [Fri Jan 26 23:54:16 CST 2018]; root of context hierarchy
[FH_sys]  2018-01-26 23:54:16  INFO XmlBeanDefinitionReader:315 : Loading XML bean definitions from class path resource [spring/ApplicationContext.xml]
[FH_sys]  2018-01-26 23:54:16  INFO ClassPathBeanDefinitionScanner:222 : JSR-250 'javax.annotation.ManagedBean' found and supported for component scanning
[FH_sys]  2018-01-26 23:54:16  INFO ClassPathBeanDefinitionScanner:230 : JSR-330 'javax.inject.Named' annotation found and supported for component scanning
[FH_sys]  2018-01-26 23:54:16  INFO PropertyPlaceholderConfigurer:177 : Loading properties file from class path resource [dbconfig.properties]
[FH_sys]  2018-01-26 23:54:16  INFO AutowiredAnnotationBeanPostProcessor:140 : JSR-330 'javax.inject.Inject' annotation found and supported for autowiring
[FH_sys]  2018-01-26 23:54:17  INFO XmlWebApplicationContext:1374 : Bean 'org.springframework.aop.support.DefaultBeanFactoryPointcutAdvisor#0' of type [class org.springframework.aop.support.DefaultBeanFactoryPointcutAdvisor] is not eligible for getting processed by all BeanPostProcessors (for example: not eligible for auto-proxying)
[FH_sys]  2018-01-26 23:54:17  INFO XmlWebApplicationContext:1374 : Bean 'ShiroRealm' of type [class com.xiongyi.interceptor.shiro.ShiroRealm] is not eligible for getting processed by all BeanPostProcessors (for example: not eligible for auto-proxying)
[FH_sys]  2018-01-26 23:54:33  INFO ContextLoader:272 : Root WebApplicationContext: initialization started
[FH_sys]  2018-01-26 23:54:33  INFO XmlWebApplicationContext:510 : Refreshing Root WebApplicationContext: startup date [Fri Jan 26 23:54:33 CST 2018]; root of context hierarchy
[FH_sys]  2018-01-26 23:54:33  INFO XmlBeanDefinitionReader:315 : Loading XML bean definitions from class path resource [spring/ApplicationContext.xml]
[FH_sys]  2018-01-26 23:54:34  INFO ClassPathBeanDefinitionScanner:222 : JSR-250 'javax.annotation.ManagedBean' found and supported for component scanning
[FH_sys]  2018-01-26 23:54:34  INFO ClassPathBeanDefinitionScanner:230 : JSR-330 'javax.inject.Named' annotation found and supported for component scanning
[FH_sys]  2018-01-26 23:54:34  INFO PropertyPlaceholderConfigurer:177 : Loading properties file from class path resource [dbconfig.properties]
[FH_sys]  2018-01-26 23:54:34  INFO AutowiredAnnotationBeanPostProcessor:140 : JSR-330 'javax.inject.Inject' annotation found and supported for autowiring
[FH_sys]  2018-01-26 23:54:34  INFO XmlWebApplicationContext:1374 : Bean 'org.springframework.aop.support.DefaultBeanFactoryPointcutAdvisor#0' of type [class org.springframework.aop.support.DefaultBeanFactoryPointcutAdvisor] is not eligible for getting processed by all BeanPostProcessors (for example: not eligible for auto-proxying)
[FH_sys]  2018-01-26 23:54:34  INFO XmlWebApplicationContext:1374 : Bean 'ShiroRealm' of type [class com.xiongyi.interceptor.shiro.ShiroRealm] is not eligible for getting processed by all BeanPostProcessors (for example: not eligible for auto-proxying)
[FH_sys]  2018-01-26 23:54:35  INFO XmlWebApplicationContext:1374 : Bean 'securityManager' of type [class org.apache.shiro.web.mgt.DefaultWebSecurityManager] is not eligible for getting processed by all BeanPostProcessors (for example: not eligible for auto-proxying)
[FH_sys]  2018-01-26 23:54:35 DEBUG UiApplicationContextUtils:85 : Unable to locate ThemeSource with name 'themeSource': using default [org.springframework.ui.context.support.ResourceBundleThemeSource@52ec7610]
[FH_sys]  2018-01-26 23:54:35  INFO DefaultListableBeanFactory:577 : Pre-instantiating singletons in org.springframework.beans.factory.support.DefaultListableBeanFactory@7dd31506: defining beans [org.springframework.context.annotation.internalConfigurationAnnotationProcessor,org.springframework.context.annotation.internalAutowiredAnnotationProcessor,org.springframework.context.annotation.internalRequiredAnnotationProcessor,org.springframework.context.annotation.internalCommonAnnotationProcessor,daoSupport,appuserService,buttonrightsService,createcodeService,menuService,roleService,userService,xybuttonService,transactionManager,propertyConfigurer,dataSource,txAdvice,org.springframework.aop.config.internalAutoProxyCreator,pc,org.springframework.aop.support.DefaultBeanFactoryPointcutAdvisor#0,sqlSessionFactory,sqlSessionTemplate,securityManager,ShiroRealm,shiroFilter,org.springframework.context.annotation.ConfigurationClassPostProcessor.importAwareProcessor]; root of factory hierarchy
[FH_sys]  2018-01-26 23:54:36 DEBUG NameMatchTransactionAttributeSource:94 : Adding transactional method [delete*] with attribute [PROPAGATION_REQUIRED,ISOLATION_DEFAULT,-java.lang.Exception]
[FH_sys]  2018-01-26 23:54:36 DEBUG NameMatchTransactionAttributeSource:94 : Adding transactional method [insert*] with attribute [PROPAGATION_REQUIRED,ISOLATION_DEFAULT,-java.lang.Exception]
[FH_sys]  2018-01-26 23:54:36 DEBUG NameMatchTransactionAttributeSource:94 : Adding transactional method [update*] with attribute [PROPAGATION_REQUIRED,ISOLATION_DEFAULT,-java.lang.Exception]
[FH_sys]  2018-01-26 23:54:36 DEBUG NameMatchTransactionAttributeSource:94 : Adding transactional method [save*] with attribute [PROPAGATION_REQUIRED,ISOLATION_DEFAULT,-java.lang.Exception]
[FH_sys]  2018-01-26 23:54:36 DEBUG JndiTemplate:150 : Looking up JNDI object with name [java:comp/env/spring.liveBeansView.mbeanDomain]
[FH_sys]  2018-01-26 23:54:36 DEBUG JndiLocatorDelegate:101 : Converted JNDI name [java:comp/env/spring.liveBeansView.mbeanDomain] not found - trying original name [spring.liveBeansView.mbeanDomain]. javax.naming.NameNotFoundException: Name [spring.liveBeansView.mbeanDomain] is not bound in this Context. Unable to find [spring.liveBeansView.mbeanDomain].
[FH_sys]  2018-01-26 23:54:36 DEBUG JndiTemplate:150 : Looking up JNDI object with name [spring.liveBeansView.mbeanDomain]
[FH_sys]  2018-01-26 23:54:36 DEBUG JndiPropertySource:87 : JNDI lookup for name [spring.liveBeansView.mbeanDomain] threw NamingException with message: Name [spring.liveBeansView.mbeanDomain] is not bound in this Context. Unable to find [spring.liveBeansView.mbeanDomain].. Returning null.
[FH_sys]  2018-01-26 23:54:36  INFO ContextLoader:301 : Root WebApplicationContext: initialization completed in 3382 ms
[FH_sys]  2018-01-26 23:54:37  INFO DispatcherServlet:453 : FrameworkServlet 'springMvc': initialization started
[FH_sys]  2018-01-26 23:54:37 DEBUG JndiTemplate:150 : Looking up JNDI object with name [java:comp/env/spring.profiles.active]
[FH_sys]  2018-01-26 23:54:37 DEBUG JndiLocatorDelegate:101 : Converted JNDI name [java:comp/env/spring.profiles.active] not found - trying original name [spring.profiles.active]. javax.naming.NameNotFoundException: Name [spring.profiles.active] is not bound in this Context. Unable to find [spring.profiles.active].
[FH_sys]  2018-01-26 23:54:37 DEBUG JndiTemplate:150 : Looking up JNDI object with name [spring.profiles.active]
[FH_sys]  2018-01-26 23:54:37 DEBUG JndiPropertySource:87 : JNDI lookup for name [spring.profiles.active] threw NamingException with message: Name [spring.profiles.active] is not bound in this Context. Unable to find [spring.profiles.active].. Returning null.
[FH_sys]  2018-01-26 23:54:37 DEBUG JndiTemplate:150 : Looking up JNDI object with name [java:comp/env/spring.profiles.default]
[FH_sys]  2018-01-26 23:54:37 DEBUG JndiLocatorDelegate:101 : Converted JNDI name [java:comp/env/spring.profiles.default] not found - trying original name [spring.profiles.default]. javax.naming.NameNotFoundException: Name [spring.profiles.default] is not bound in this Context. Unable to find [spring.profiles.default].
[FH_sys]  2018-01-26 23:54:37 DEBUG JndiTemplate:150 : Looking up JNDI object with name [spring.profiles.default]
[FH_sys]  2018-01-26 23:54:37 DEBUG JndiPropertySource:87 : JNDI lookup for name [spring.profiles.default] threw NamingException with message: Name [spring.profiles.default] is not bound in this Context. Unable to find [spring.profiles.default].. Returning null.
[FH_sys]  2018-01-26 23:54:37 DEBUG JndiTemplate:150 : Looking up JNDI object with name [java:comp/env/spring.profiles.default]
[FH_sys]  2018-01-26 23:54:37 DEBUG JndiLocatorDelegate:101 : Converted JNDI name [java:comp/env/spring.profiles.default] not found - trying original name [spring.profiles.default]. javax.naming.NameNotFoundException: Name [spring.profiles.default] is not bound in this Context. Unable to find [spring.profiles.default].
[FH_sys]  2018-01-26 23:54:37 DEBUG JndiTemplate:150 : Looking up JNDI object with name [spring.profiles.default]
[FH_sys]  2018-01-26 23:54:37 DEBUG JndiPropertySource:87 : JNDI lookup for name [spring.profiles.default] threw NamingException with message: Name [spring.profiles.default] is not bound in this Context. Unable to find [spring.profiles.default].. Returning null.
[FH_sys]  2018-01-26 23:54:37  INFO XmlWebApplicationContext:510 : Refreshing WebApplicationContext for namespace 'springMvc-servlet': startup date [Fri Jan 26 23:54:37 CST 2018]; parent: Root WebApplicationContext
[FH_sys]  2018-01-26 23:54:37  INFO XmlBeanDefinitionReader:315 : Loading XML bean definitions from class path resource [spring/ApplicationContext-mvc.xml]
[FH_sys]  2018-01-26 23:54:37  INFO ClassPathBeanDefinitionScanner:222 : JSR-250 'javax.annotation.ManagedBean' found and supported for component scanning
[FH_sys]  2018-01-26 23:54:37  INFO ClassPathBeanDefinitionScanner:230 : JSR-330 'javax.inject.Named' annotation found and supported for component scanning
[FH_sys]  2018-01-26 23:54:37  INFO ClassPathBeanDefinitionScanner:222 : JSR-250 'javax.annotation.ManagedBean' found and supported for component scanning
[FH_sys]  2018-01-26 23:54:37  INFO ClassPathBeanDefinitionScanner:230 : JSR-330 'javax.inject.Named' annotation found and supported for component scanning
[FH_sys]  2018-01-26 23:54:37  INFO AutowiredAnnotationBeanPostProcessor:140 : JSR-330 'javax.inject.Inject' annotation found and supported for autowiring
[FH_sys]  2018-01-26 23:54:37 DEBUG UiApplicationContextUtils:85 : Unable to locate ThemeSource with name 'themeSource': using default [org.springframework.ui.context.support.DelegatingThemeSource@39a065d3]
[FH_sys]  2018-01-26 23:54:37  INFO DefaultListableBeanFactory:577 : Pre-instantiating singletons in org.springframework.beans.factory.support.DefaultListableBeanFactory@7354a374: defining beans [mvcContentNegotiationManager,org.springframework.web.servlet.mvc.method.annotation.RequestMappingHandlerMapping#0,org.springframework.format.support.FormattingConversionServiceFactoryBean#0,org.springframework.web.servlet.mvc.method.annotation.RequestMappingHandlerAdapter#0,org.springframework.web.servlet.handler.MappedInterceptor#0,org.springframework.web.servlet.mvc.method.annotation.ExceptionHandlerExceptionResolver#0,org.springframework.web.servlet.mvc.annotation.ResponseStatusExceptionResolver#0,org.springframework.web.servlet.mvc.support.DefaultHandlerExceptionResolver#0,org.springframework.web.servlet.handler.BeanNameUrlHandlerMapping,org.springframework.web.servlet.mvc.HttpRequestHandlerAdapter,org.springframework.web.servlet.mvc.SimpleControllerHandlerAdapter,org.springframework.web.servlet.resource.DefaultServletHttpRequestHandler#0,org.springframework.web.servlet.handler.SimpleUrlHandlerMapping#0,org.springframework.context.annotation.internalConfigurationAnnotationProcessor,org.springframework.context.annotation.internalAutowiredAnnotationProcessor,org.springframework.context.annotation.internalRequiredAnnotationProcessor,org.springframework.context.annotation.internalCommonAnnotationProcessor,org.springframework.web.servlet.resource.ResourceHttpRequestHandler#0,org.springframework.web.servlet.handler.SimpleUrlHandlerMapping#1,org.springframework.web.servlet.resource.ResourceHttpRequestHandler#1,org.springframework.web.servlet.handler.SimpleUrlHandlerMapping#2,org.springframework.web.servlet.resource.ResourceHttpRequestHandler#2,org.springframework.web.servlet.handler.SimpleUrlHandlerMapping#3,org.springframework.web.servlet.resource.ResourceHttpRequestHandler#3,org.springframework.web.servlet.handler.SimpleUrlHandlerMapping#4,org.springframework.web.servlet.handler.MappedInterceptor#1,org.springframework.web.servlet.view.InternalResourceViewResolver#0,org.springframework.context.annotation.ConfigurationClassPostProcessor.importAwareProcessor]; parent: org.springframework.beans.factory.support.DefaultListableBeanFactory@7dd31506
[FH_sys]  2018-01-26 23:54:37  INFO SimpleUrlHandlerMapping:315 : Mapped URL path [/**] onto handler 'org.springframework.web.servlet.resource.DefaultServletHttpRequestHandler#0'
[FH_sys]  2018-01-26 23:54:38  INFO SimpleUrlHandlerMapping:315 : Mapped URL path [/admin/**] onto handler 'org.springframework.web.servlet.resource.ResourceHttpRequestHandler#0'
[FH_sys]  2018-01-26 23:54:38  INFO SimpleUrlHandlerMapping:315 : Mapped URL path [/static/**] onto handler 'org.springframework.web.servlet.resource.ResourceHttpRequestHandler#1'
[FH_sys]  2018-01-26 23:54:38  INFO SimpleUrlHandlerMapping:315 : Mapped URL path [/plugins/**] onto handler 'org.springframework.web.servlet.resource.ResourceHttpRequestHandler#2'
[FH_sys]  2018-01-26 23:54:38  INFO SimpleUrlHandlerMapping:315 : Mapped URL path [/uploadFiles/**] onto handler 'org.springframework.web.servlet.resource.ResourceHttpRequestHandler#3'
[FH_sys]  2018-01-26 23:54:38 DEBUG JndiTemplate:150 : Looking up JNDI object with name [java:comp/env/spring.liveBeansView.mbeanDomain]
[FH_sys]  2018-01-26 23:54:38 DEBUG JndiLocatorDelegate:101 : Converted JNDI name [java:comp/env/spring.liveBeansView.mbeanDomain] not found - trying original name [spring.liveBeansView.mbeanDomain]. javax.naming.NameNotFoundException: Name [spring.liveBeansView.mbeanDomain] is not bound in this Context. Unable to find [spring.liveBeansView.mbeanDomain].
[FH_sys]  2018-01-26 23:54:38 DEBUG JndiTemplate:150 : Looking up JNDI object with name [spring.liveBeansView.mbeanDomain]
[FH_sys]  2018-01-26 23:54:38 DEBUG JndiPropertySource:87 : JNDI lookup for name [spring.liveBeansView.mbeanDomain] threw NamingException with message: Name [spring.liveBeansView.mbeanDomain] is not bound in this Context. Unable to find [spring.liveBeansView.mbeanDomain].. Returning null.
[FH_sys]  2018-01-26 23:54:38  INFO DispatcherServlet:472 : FrameworkServlet 'springMvc': initialization completed in 1018 ms
